warning: unexpected `cfg` condition name: `kani`
  --> zuicchini/src/emCore/mod.rs:99:7
   |
99 | #[cfg(kani)]
   |       ^^^^
   |
   = help: expected names are: `docsrs`, `feature`, and `test` and 31 more
   = help: consider using a Cargo feature instead
   = help: or consider adding in `Cargo.toml` the `check-cfg` lint config for the lint:
            [lints.rust]
            unexpected_cfgs = { level = "warn", check-cfg = ['cfg(kani)'] }
   = help: or consider adding `println!("cargo::rustc-check-cfg=cfg(kani)");` to the top of the `build.rs`
   = note: see <https://doc.rust-lang.org/nightly/rustc/check-cfg/cargo-specifics.html> for more information about checking conditional configuration
   = note: `#[warn(unexpected_cfgs)]` on by default

warning: unexpected `cfg` condition name: `kani`
   --> zuicchini/src/emCore/mod.rs:101:7
    |
101 | #[cfg(kani)]
    |       ^^^^
    |
    = help: consider using a Cargo feature instead
    = help: or consider adding in `Cargo.toml` the `check-cfg` lint config for the lint:
             [lints.rust]
             unexpected_cfgs = { level = "warn", check-cfg = ['cfg(kani)'] }
    = help: or consider adding `println!("cargo::rustc-check-cfg=cfg(kani)");` to the top of the `build.rs`
    = note: see <https://doc.rust-lang.org/nightly/rustc/check-cfg/cargo-specifics.html> for more information about checking conditional configuration

warning: unexpected `cfg` condition name: `kani`
   --> zuicchini/src/emCore/mod.rs:103:7
    |
103 | #[cfg(kani)]
    |       ^^^^
    |
    = help: consider using a Cargo feature instead
    = help: or consider adding in `Cargo.toml` the `check-cfg` lint config for the lint:
             [lints.rust]
             unexpected_cfgs = { level = "warn", check-cfg = ['cfg(kani)'] }
    = help: or consider adding `println!("cargo::rustc-check-cfg=cfg(kani)");` to the top of the `build.rs`
    = note: see <https://doc.rust-lang.org/nightly/rustc/check-cfg/cargo-specifics.html> for more information about checking conditional configuration

warning: unexpected `cfg` condition name: `kani`
   --> zuicchini/src/emCore/emClipRects.rs:553:7
    |
553 | #[cfg(kani)]
    |       ^^^^
    |
    = help: consider using a Cargo feature instead
    = help: or consider adding in `Cargo.toml` the `check-cfg` lint config for the lint:
             [lints.rust]
             unexpected_cfgs = { level = "warn", check-cfg = ['cfg(kani)'] }
    = help: or consider adding `println!("cargo::rustc-check-cfg=cfg(kani)");` to the top of the `build.rs`
    = note: see <https://doc.rust-lang.org/nightly/rustc/check-cfg/cargo-specifics.html> for more information about checking conditional configuration

warning: unexpected `cfg` condition name: `kani`
   --> zuicchini/src/emCore/emCoreConfig.rs:238:7
    |
238 | #[cfg(kani)]
    |       ^^^^
    |
    = help: consider using a Cargo feature instead
    = help: or consider adding in `Cargo.toml` the `check-cfg` lint config for the lint:
             [lints.rust]
             unexpected_cfgs = { level = "warn", check-cfg = ['cfg(kani)'] }
    = help: or consider adding `println!("cargo::rustc-check-cfg=cfg(kani)");` to the top of the `build.rs`
    = note: see <https://doc.rust-lang.org/nightly/rustc/check-cfg/cargo-specifics.html> for more information about checking conditional configuration

warning: unexpected `cfg` condition name: `kani`
    --> zuicchini/src/emCore/emCoreConfigPanel.rs:1695:7
     |
1695 | #[cfg(kani)]
     |       ^^^^
     |
     = help: consider using a Cargo feature instead
     = help: or consider adding in `Cargo.toml` the `check-cfg` lint config for the lint:
              [lints.rust]
              unexpected_cfgs = { level = "warn", check-cfg = ['cfg(kani)'] }
     = help: or consider adding `println!("cargo::rustc-check-cfg=cfg(kani)");` to the top of the `build.rs`
     = note: see <https://doc.rust-lang.org/nightly/rustc/check-cfg/cargo-specifics.html> for more information about checking conditional configuration

warning: unexpected `cfg` condition name: `kani`
   --> zuicchini/src/emCore/emPackLayout.rs:829:7
    |
829 | #[cfg(kani)]
    |       ^^^^
    |
    = help: consider using a Cargo feature instead
    = help: or consider adding in `Cargo.toml` the `check-cfg` lint config for the lint:
             [lints.rust]
             unexpected_cfgs = { level = "warn", check-cfg = ['cfg(kani)'] }
    = help: or consider adding `println!("cargo::rustc-check-cfg=cfg(kani)");` to the top of the `build.rs`
    = note: see <https://doc.rust-lang.org/nightly/rustc/check-cfg/cargo-specifics.html> for more information about checking conditional configuration

warning: unexpected `cfg` condition name: `kani`
    --> zuicchini/src/emCore/emPainter.rs:6432:7
     |
6432 | #[cfg(kani)]
     |       ^^^^
     |
     = help: consider using a Cargo feature instead
     = help: or consider adding in `Cargo.toml` the `check-cfg` lint config for the lint:
              [lints.rust]
              unexpected_cfgs = { level = "warn", check-cfg = ['cfg(kani)'] }
     = help: or consider adding `println!("cargo::rustc-check-cfg=cfg(kani)");` to the top of the `build.rs`
     = note: see <https://doc.rust-lang.org/nightly/rustc/check-cfg/cargo-specifics.html> for more information about checking conditional configuration

warning: unexpected `cfg` condition name: `kani`
    --> zuicchini/src/emCore/emPainterInterpolation.rs:1951:7
     |
1951 | #[cfg(kani)]
     |       ^^^^
     |
     = help: consider using a Cargo feature instead
     = help: or consider adding in `Cargo.toml` the `check-cfg` lint config for the lint:
              [lints.rust]
              unexpected_cfgs = { level = "warn", check-cfg = ['cfg(kani)'] }
     = help: or consider adding `println!("cargo::rustc-check-cfg=cfg(kani)");` to the top of the `build.rs`
     = note: see <https://doc.rust-lang.org/nightly/rustc/check-cfg/cargo-specifics.html> for more information about checking conditional configuration

warning: unexpected `cfg` condition name: `kani`
   --> zuicchini/src/emCore/emPainterScanline.rs:933:7
    |
933 | #[cfg(kani)]
    |       ^^^^
    |
    = help: consider using a Cargo feature instead
    = help: or consider adding in `Cargo.toml` the `check-cfg` lint config for the lint:
             [lints.rust]
             unexpected_cfgs = { level = "warn", check-cfg = ['cfg(kani)'] }
    = help: or consider adding `println!("cargo::rustc-check-cfg=cfg(kani)");` to the top of the `build.rs`
    = note: see <https://doc.rust-lang.org/nightly/rustc/check-cfg/cargo-specifics.html> for more information about checking conditional configuration

warning: unexpected `cfg` condition name: `kani`
   --> zuicchini/src/emCore/emPainterScanlineTool.rs:871:7
    |
871 | #[cfg(kani)]
    |       ^^^^
    |
    = help: consider using a Cargo feature instead
    = help: or consider adding in `Cargo.toml` the `check-cfg` lint config for the lint:
             [lints.rust]
             unexpected_cfgs = { level = "warn", check-cfg = ['cfg(kani)'] }
    = help: or consider adding `println!("cargo::rustc-check-cfg=cfg(kani)");` to the top of the `build.rs`
    = note: see <https://doc.rust-lang.org/nightly/rustc/check-cfg/cargo-specifics.html> for more information about checking conditional configuration

warning: unexpected `cfg` condition name: `kani`
   --> zuicchini/src/emCore/emRenderThreadPool.rs:102:7
    |
102 | #[cfg(kani)]
    |       ^^^^
    |
    = help: consider using a Cargo feature instead
    = help: or consider adding in `Cargo.toml` the `check-cfg` lint config for the lint:
             [lints.rust]
             unexpected_cfgs = { level = "warn", check-cfg = ['cfg(kani)'] }
    = help: or consider adding `println!("cargo::rustc-check-cfg=cfg(kani)");` to the top of the `build.rs`
    = note: see <https://doc.rust-lang.org/nightly/rustc/check-cfg/cargo-specifics.html> for more information about checking conditional configuration

warning: unexpected `cfg` condition name: `kani`
    --> zuicchini/src/emCore/emTextField.rs:3733:7
     |
3733 | #[cfg(kani)]
     |       ^^^^
     |
     = help: consider using a Cargo feature instead
     = help: or consider adding in `Cargo.toml` the `check-cfg` lint config for the lint:
              [lints.rust]
              unexpected_cfgs = { level = "warn", check-cfg = ['cfg(kani)'] }
     = help: or consider adding `println!("cargo::rustc-check-cfg=cfg(kani)");` to the top of the `build.rs`
     = note: see <https://doc.rust-lang.org/nightly/rustc/check-cfg/cargo-specifics.html> for more information about checking conditional configuration

warning: unexpected `cfg` condition name: `kani`
    --> zuicchini/src/emCore/emView.rs:3568:7
     |
3568 | #[cfg(kani)]
     |       ^^^^
     |
     = help: consider using a Cargo feature instead
     = help: or consider adding in `Cargo.toml` the `check-cfg` lint config for the lint:
              [lints.rust]
              unexpected_cfgs = { level = "warn", check-cfg = ['cfg(kani)'] }
     = help: or consider adding `println!("cargo::rustc-check-cfg=cfg(kani)");` to the top of the `build.rs`
     = note: see <https://doc.rust-lang.org/nightly/rustc/check-cfg/cargo-specifics.html> for more information about checking conditional configuration

warning: unexpected `cfg` condition name: `kani`
    --> zuicchini/src/emCore/emViewAnimator.rs:3548:7
     |
3548 | #[cfg(kani)]
     |       ^^^^
     |
     = help: consider using a Cargo feature instead
     = help: or consider adding in `Cargo.toml` the `check-cfg` lint config for the lint:
              [lints.rust]
              unexpected_cfgs = { level = "warn", check-cfg = ['cfg(kani)'] }
     = help: or consider adding `println!("cargo::rustc-check-cfg=cfg(kani)");` to the top of the `build.rs`
     = note: see <https://doc.rust-lang.org/nightly/rustc/check-cfg/cargo-specifics.html> for more information about checking conditional configuration

warning: unexpected `cfg` condition name: `kani`
    --> zuicchini/src/emCore/emViewInputFilter.rs:3692:7
     |
3692 | #[cfg(kani)]
     |       ^^^^
     |
     = help: consider using a Cargo feature instead
     = help: or consider adding in `Cargo.toml` the `check-cfg` lint config for the lint:
              [lints.rust]
              unexpected_cfgs = { level = "warn", check-cfg = ['cfg(kani)'] }
     = help: or consider adding `println!("cargo::rustc-check-cfg=cfg(kani)");` to the top of the `build.rs`
     = note: see <https://doc.rust-lang.org/nightly/rustc/check-cfg/cargo-specifics.html> for more information about checking conditional configuration

warning: unexpected `cfg` condition name: `kani`
 --> zuicchini/src/emCore/emWindowPlatform.rs:8:36
  |
8 | #[cfg(all(target_os = "linux", not(kani)))]
  |                                    ^^^^
  |
  = help: consider using a Cargo feature instead
  = help: or consider adding in `Cargo.toml` the `check-cfg` lint config for the lint:
           [lints.rust]
           unexpected_cfgs = { level = "warn", check-cfg = ['cfg(kani)'] }
  = help: or consider adding `println!("cargo::rustc-check-cfg=cfg(kani)");` to the top of the `build.rs`
  = note: see <https://doc.rust-lang.org/nightly/rustc/check-cfg/cargo-specifics.html> for more information about checking conditional configuration

warning: unexpected `cfg` condition name: `kani`
   --> zuicchini/src/emCore/emWindowPlatform.rs:151:37
    |
151 | #[cfg(any(not(target_os = "linux"), kani))]
    |                                     ^^^^
    |
    = help: consider using a Cargo feature instead
    = help: or consider adding in `Cargo.toml` the `check-cfg` lint config for the lint:
             [lints.rust]
             unexpected_cfgs = { level = "warn", check-cfg = ['cfg(kani)'] }
    = help: or consider adding `println!("cargo::rustc-check-cfg=cfg(kani)");` to the top of the `build.rs`
    = note: see <https://doc.rust-lang.org/nightly/rustc/check-cfg/cargo-specifics.html> for more information about checking conditional configuration

warning: unexpected `cfg` condition name: `kani`
   --> zuicchini/src/emCore/emWindowStateSaver.rs:175:7
    |
175 | #[cfg(kani)]
    |       ^^^^
    |
    = help: consider using a Cargo feature instead
    = help: or consider adding in `Cargo.toml` the `check-cfg` lint config for the lint:
             [lints.rust]
             unexpected_cfgs = { level = "warn", check-cfg = ['cfg(kani)'] }
    = help: or consider adding `println!("cargo::rustc-check-cfg=cfg(kani)");` to the top of the `build.rs`
    = note: see <https://doc.rust-lang.org/nightly/rustc/check-cfg/cargo-specifics.html> for more information about checking conditional configuration

warning: `zuicchini` (lib) generated 19 warnings
warning: unused variable: `i`
   --> zuicchini/tests/golden/common.rs:423:10
    |
423 |     for (i, ((a_active, a_path), e)) in actual.iter().zip(expected.iter()).enumerate() {
    |          ^ help: if this is intentional, prefix it with an underscore: `_i`
    |
    = note: `#[warn(unused_variables)]` (part of `#[warn(unused)]`) on by default

warning: `zuicchini` (test "golden") generated 1 warning (run `cargo fix --test "golden" -p zuicchini` to apply 1 suggestion)
    Finished `test` profile [unoptimized + debuginfo] target(s) in 0.10s
     Running tests/golden/main.rs (/home/a0/projects/sosumi-7/target/debug/deps/golden-6300061f3fa8f7ba)
